<?xml version="1.0" encoding="UTF-8"?>
<testsuite xmlns:xsi="http://www.w3.org/2001/XMLSchema-instance" xsi:noNamespaceSchemaLocation="https://maven.apache.org/surefire/maven-surefire-plugin/xsd/surefire-test-report.xsd" name="Graphs.GraphTest" time="0.012" tests="9" errors="0" skipped="0" failures="9">
  <properties>
    <property name="java.specification.version" value="23"/>
    <property name="sun.jnu.encoding" value="UTF-8"/>
    <property name="java.class.path" value="/Users/Trevor/Library/Mobile Documents/com~apple~CloudDocs/Documents/Trevor/CWRU/Fall 2024/CSDS233/Code/HomeworkSix/target/test-classes:/Users/Trevor/Library/Mobile Documents/com~apple~CloudDocs/Documents/Trevor/CWRU/Fall 2024/CSDS233/Code/HomeworkSix/target/classes:/Users/Trevor/.m2/repository/junit/junit/4.11/junit-4.11.jar:/Users/Trevor/.m2/repository/org/hamcrest/hamcrest-core/1.3/hamcrest-core-1.3.jar:"/>
    <property name="java.vm.vendor" value="Homebrew"/>
    <property name="sun.arch.data.model" value="64"/>
    <property name="java.vendor.url" value="https://github.com/Homebrew/homebrew-core/issues"/>
    <property name="os.name" value="Mac OS X"/>
    <property name="java.vm.specification.version" value="23"/>
    <property name="sun.java.launcher" value="SUN_STANDARD"/>
    <property name="user.country" value="US"/>
    <property name="sun.boot.library.path" value="/opt/homebrew/Cellar/openjdk/23.0.1/libexec/openjdk.jdk/Contents/Home/lib"/>
    <property name="sun.java.command" value="/Users/Trevor/Library/Mobile Documents/com~apple~CloudDocs/Documents/Trevor/CWRU/Fall 2024/CSDS233/Code/HomeworkSix/target/surefire/surefirebooter3901306012274033541.jar /Users/Trevor/Library/Mobile Documents/com~apple~CloudDocs/Documents/Trevor/CWRU/Fall 2024/CSDS233/Code/HomeworkSix/target/surefire 2024-11-24T18-24-40_729-jvmRun1 surefire9729986373413511922tmp surefire_012008973628067549037tmp"/>
    <property name="http.nonProxyHosts" value="local|*.local|169.254/16|*.169.254/16"/>
    <property name="jdk.debug" value="release"/>
    <property name="test" value="GraphTest"/>
    <property name="surefire.test.class.path" value="/Users/Trevor/Library/Mobile Documents/com~apple~CloudDocs/Documents/Trevor/CWRU/Fall 2024/CSDS233/Code/HomeworkSix/target/test-classes:/Users/Trevor/Library/Mobile Documents/com~apple~CloudDocs/Documents/Trevor/CWRU/Fall 2024/CSDS233/Code/HomeworkSix/target/classes:/Users/Trevor/.m2/repository/junit/junit/4.11/junit-4.11.jar:/Users/Trevor/.m2/repository/org/hamcrest/hamcrest-core/1.3/hamcrest-core-1.3.jar:"/>
    <property name="sun.cpu.endian" value="little"/>
    <property name="user.home" value="/Users/Trevor"/>
    <property name="user.language" value="en"/>
    <property name="java.specification.vendor" value="Oracle Corporation"/>
    <property name="java.version.date" value="2024-10-15"/>
    <property name="java.home" value="/opt/homebrew/Cellar/openjdk/23.0.1/libexec/openjdk.jdk/Contents/Home"/>
    <property name="file.separator" value="/"/>
    <property name="basedir" value="/Users/Trevor/Library/Mobile Documents/com~apple~CloudDocs/Documents/Trevor/CWRU/Fall 2024/CSDS233/Code/HomeworkSix"/>
    <property name="java.vm.compressedOopsMode" value="Zero based"/>
    <property name="line.separator" value="&#10;"/>
    <property name="java.vm.specification.vendor" value="Oracle Corporation"/>
    <property name="java.specification.name" value="Java Platform API Specification"/>
    <property name="apple.awt.application.name" value="ForkedBooter"/>
    <property name="surefire.real.class.path" value="/Users/Trevor/Library/Mobile Documents/com~apple~CloudDocs/Documents/Trevor/CWRU/Fall 2024/CSDS233/Code/HomeworkSix/target/surefire/surefirebooter3901306012274033541.jar"/>
    <property name="sun.management.compiler" value="HotSpot 64-Bit Tiered Compilers"/>
    <property name="ftp.nonProxyHosts" value="local|*.local|169.254/16|*.169.254/16"/>
    <property name="java.runtime.version" value="23.0.1"/>
    <property name="user.name" value="Trevor"/>
    <property name="stdout.encoding" value="UTF-8"/>
    <property name="path.separator" value=":"/>
    <property name="os.version" value="15.1.1"/>
    <property name="java.runtime.name" value="OpenJDK Runtime Environment"/>
    <property name="file.encoding" value="UTF-8"/>
    <property name="java.vm.name" value="OpenJDK 64-Bit Server VM"/>
    <property name="java.vendor.version" value="Homebrew"/>
    <property name="localRepository" value="/Users/Trevor/.m2/repository"/>
    <property name="java.vendor.url.bug" value="https://github.com/Homebrew/homebrew-core/issues"/>
    <property name="java.io.tmpdir" value="/var/folders/j1/12twxrb15ngbsmq0wf8ft0640000gn/T/"/>
    <property name="java.version" value="23.0.1"/>
    <property name="user.dir" value="/Users/Trevor/Library/Mobile Documents/com~apple~CloudDocs/Documents/Trevor/CWRU/Fall 2024/CSDS233/Code/HomeworkSix"/>
    <property name="os.arch" value="aarch64"/>
    <property name="java.vm.specification.name" value="Java Virtual Machine Specification"/>
    <property name="failIfNoTests" value="false"/>
    <property name="native.encoding" value="UTF-8"/>
    <property name="java.library.path" value="/Users/Trevor/Library/Java/Extensions:/Library/Java/Extensions:/Network/Library/Java/Extensions:/System/Library/Java/Extensions:/usr/lib/java:."/>
    <property name="java.vm.info" value="mixed mode, sharing"/>
    <property name="stderr.encoding" value="UTF-8"/>
    <property name="java.vendor" value="Homebrew"/>
    <property name="java.vm.version" value="23.0.1"/>
    <property name="sun.io.unicode.encoding" value="UnicodeBig"/>
    <property name="socksNonProxyHosts" value="local|*.local|169.254/16|*.169.254/16"/>
    <property name="java.class.version" value="67.0"/>
  </properties>
  <testcase name="shortestDistanceTest" classname="Graphs.GraphTest" time="0.001">
    <failure type="java.lang.AssertionError">java.lang.AssertionError
	at Graphs.GraphTest.shortestDistanceTest(GraphTest.java:60)
</failure>
  </testcase>
  <testcase name="minimumSpanningTreeTest" classname="Graphs.GraphTest" time="0">
    <failure type="java.lang.AssertionError">java.lang.AssertionError
	at Graphs.GraphTest.minimumSpanningTreeTest(GraphTest.java:66)
</failure>
  </testcase>
  <testcase name="addEdgesTest" classname="Graphs.GraphTest" time="0">
    <failure type="java.lang.AssertionError">java.lang.AssertionError
	at Graphs.GraphTest.addEdgesTest(GraphTest.java:30)
</failure>
  </testcase>
  <testcase name="addNodeTest" classname="Graphs.GraphTest" time="0">
    <failure type="java.lang.AssertionError">java.lang.AssertionError
	at Graphs.GraphTest.addNodeTest(GraphTest.java:18)
</failure>
  </testcase>
  <testcase name="printGraphTest" classname="Graphs.GraphTest" time="0">
    <failure type="java.lang.AssertionError">java.lang.AssertionError
	at Graphs.GraphTest.printGraphTest(GraphTest.java:48)
</failure>
  </testcase>
  <testcase name="addEdgeTest" classname="Graphs.GraphTest" time="0">
    <failure type="java.lang.AssertionError">java.lang.AssertionError
	at Graphs.GraphTest.addEdgeTest(GraphTest.java:24)
</failure>
  </testcase>
  <testcase name="removeEdge" classname="Graphs.GraphTest" time="0.001">
    <failure type="java.lang.AssertionError">java.lang.AssertionError
	at Graphs.GraphTest.removeEdge(GraphTest.java:42)
</failure>
  </testcase>
  <testcase name="removeNode" classname="Graphs.GraphTest" time="0">
    <failure type="java.lang.AssertionError">java.lang.AssertionError
	at Graphs.GraphTest.removeNode(GraphTest.java:36)
</failure>
  </testcase>
  <testcase name="createGraphTest" classname="Graphs.GraphTest" time="0">
    <failure type="java.lang.AssertionError">java.lang.AssertionError
	at Graphs.GraphTest.createGraphTest(GraphTest.java:54)
</failure>
  </testcase>
</testsuite>