<?xml version="1.0" encoding="UTF-8"?>
<testsuite xmlns:xsi="http://www.w3.org/2001/XMLSchema-instance" xsi:noNamespaceSchemaLocation="https://maven.apache.org/surefire/maven-surefire-plugin/xsd/surefire-test-report.xsd" name="HW1.MathFunctionTest" time="0" tests="2" errors="0" skipped="0" failures="0">
  <properties>
    <property name="java.specification.version" value="17"/>
    <property name="sun.cpu.isalist" value="amd64"/>
    <property name="sun.jnu.encoding" value="Cp1252"/>
    <property name="java.class.path" value="C:\Users\Trevor\OneDrive\Documents\CWRU\Fall 2024\CSDS233\CSDS233\HomeworkOne\target\test-classes;C:\Users\Trevor\OneDrive\Documents\CWRU\Fall 2024\CSDS233\CSDS233\HomeworkOne\target\classes;C:\Users\Trevor\.m2\repository\junit\junit\4.11\junit-4.11.jar;C:\Users\Trevor\.m2\repository\org\hamcrest\hamcrest-core\1.3\hamcrest-core-1.3.jar;"/>
    <property name="java.vm.vendor" value="Oracle Corporation"/>
    <property name="sun.arch.data.model" value="64"/>
    <property name="user.variant" value=""/>
    <property name="java.vendor.url" value="https://java.oracle.com/"/>
    <property name="user.timezone" value="America/New_York"/>
    <property name="os.name" value="Windows 11"/>
    <property name="java.vm.specification.version" value="17"/>
    <property name="sun.java.launcher" value="SUN_STANDARD"/>
    <property name="user.country" value="US"/>
    <property name="sun.boot.library.path" value="C:\Program Files\Java\jdk-17\bin"/>
    <property name="sun.java.command" value="C:\Users\Trevor\AppData\Local\Temp\surefire379480789601900176\surefirebooter6806207457183960095.jar C:\Users\Trevor\AppData\Local\Temp\surefire379480789601900176 2024-09-29T14-07-58_447-jvmRun1 surefire16015013997725603372tmp surefire_012874514334014361393tmp"/>
    <property name="jdk.debug" value="release"/>
    <property name="test" value=""/>
    <property name="surefire.test.class.path" value="C:\Users\Trevor\OneDrive\Documents\CWRU\Fall 2024\CSDS233\CSDS233\HomeworkOne\target\test-classes;C:\Users\Trevor\OneDrive\Documents\CWRU\Fall 2024\CSDS233\CSDS233\HomeworkOne\target\classes;C:\Users\Trevor\.m2\repository\junit\junit\4.11\junit-4.11.jar;C:\Users\Trevor\.m2\repository\org\hamcrest\hamcrest-core\1.3\hamcrest-core-1.3.jar;"/>
    <property name="sun.cpu.endian" value="little"/>
    <property name="user.home" value="C:\Users\Trevor"/>
    <property name="user.language" value="en"/>
    <property name="java.specification.vendor" value="Oracle Corporation"/>
    <property name="java.version.date" value="2024-07-16"/>
    <property name="java.home" value="C:\Program Files\Java\jdk-17"/>
    <property name="file.separator" value="\"/>
    <property name="basedir" value="C:\Users\Trevor\OneDrive\Documents\CWRU\Fall 2024\CSDS233\CSDS233\HomeworkOne"/>
    <property name="java.vm.compressedOopsMode" value="Zero based"/>
    <property name="line.separator" value="&#10;"/>
    <property name="java.vm.specification.vendor" value="Oracle Corporation"/>
    <property name="java.specification.name" value="Java Platform API Specification"/>
    <property name="surefire.real.class.path" value="C:\Users\Trevor\AppData\Local\Temp\surefire379480789601900176\surefirebooter6806207457183960095.jar"/>
    <property name="user.script" value=""/>
    <property name="sun.management.compiler" value="HotSpot 64-Bit Tiered Compilers"/>
    <property name="java.runtime.version" value="17.0.12+8-LTS-286"/>
    <property name="user.name" value="Trevor"/>
    <property name="path.separator" value=";"/>
    <property name="os.version" value="10.0"/>
    <property name="java.runtime.name" value="Java(TM) SE Runtime Environment"/>
    <property name="file.encoding" value="Cp1252"/>
    <property name="java.vm.name" value="Java HotSpot(TM) 64-Bit Server VM"/>
    <property name="localRepository" value="C:\Users\Trevor\.m2\repository"/>
    <property name="java.vendor.url.bug" value="https://bugreport.java.com/bugreport/"/>
    <property name="java.io.tmpdir" value="C:\Users\Trevor\AppData\Local\Temp\"/>
    <property name="java.version" value="17.0.12"/>
    <property name="user.dir" value="C:\Users\Trevor\OneDrive\Documents\CWRU\Fall 2024\CSDS233\CSDS233\HomeworkOne"/>
    <property name="os.arch" value="amd64"/>
    <property name="java.vm.specification.name" value="Java Virtual Machine Specification"/>
    <property name="failIfNoTests" value="false"/>
    <property name="sun.os.patch.level" value=""/>
    <property name="native.encoding" value="Cp1252"/>
    <property name="java.library.path" value="C:\Program Files\Java\jdk-17\bin;C:\WINDOWS\Sun\Java\bin;C:\WINDOWS\system32;C:\WINDOWS;C:\Program Files\PerkinElmerInformatics\ChemOffice2022\ChemScript\Lib;C:\Python312\Scripts\;C:\Python312\;C:\Program Files\Amazon Corretto\jdk1.8.0_392\bin;C:\Program Files\Common Files\Oracle\Java\javapath;C:\Windows\system32;C:\Windows;C:\Windows\System32\Wbem;C:\Windows\System32\WindowsPowerShell\v1.0\;C:\Windows\System32\OpenSSH\;C:\Program Files\NVIDIA Corporation\NVIDIA NvDLISR;C:\WINDOWS\system32;C:\WINDOWS;C:\WINDOWS\System32\Wbem;C:\WINDOWS\System32\WindowsPowerShell\v1.0\;C:\WINDOWS\System32\OpenSSH\;C:\Program Files\MATLAB\R2023b\runtime\win64;C:\Program Files\MATLAB\R2023b\bin;C:\Program Files\Wolfram Research\WolframScript\;C:\Program Files (x86)\Graphviz\bin;C:\Program Files\apache-maven-3.9.6\bin;C:\Program Files\Git\cmd;C:\msys64\ucrt64\bin;C:\Program Files\Neovim\bin;C:\ProgramData\chocolatey\bin;C:\Program Files\Git\mingw64\bin;C:\Program Files\nodejs\;C:\Program Files (x86)\Yarn\bin\;C:\Users\Trevor\bin;C:\Program Files\dotnet\;C:\Program Files\Go\bin;C:\Program Files (x86)\NVIDIA Corporation\PhysX\Common;C:\Program Files (x86)\REFPROP-MINI;PathC:\Program Files\Amazon Corretto\jdk1.8.0_392\bin;C:\Program Files\Common Files\Oracle\Java\javapath;C:\Windows\system32;C:\Windows;C:\Windows\System32\Wbem;C:\Windows\System32\WindowsPowerShell\v1.0\;C:\Windows\System32\OpenSSH\;C:\Program Files (x86)\NVIDIA Corporation\PhysX\Common;C:\Program Files\NVIDIA Corporation\NVIDIA NvDLISR;C:\WINDOWS\system32;C:\WINDOWS;C:\WINDOWS\System32\Wbem;C:\WINDOWS\System32\WindowsPowerShell\v1.0\;C:\WINDOWS\System32\OpenSSH\;C:\Program Files\MATLAB\R2023b\runtime\win64;C:\Program Files\MATLAB\R2023b\bin;C:\Program Files\Wolfram Research\WolframScript\;C:\Program Files\Git\cmd;C:\Program Files (x86)\Graphviz\bin;C:\Program Files\apache-maven-3.9.6\bin&lt;SYSTEM&gt;;C:\tools\neovim\nvim-win64\bin;C:\Users\Trevor\AppData\Roaming\npm;C:\Users\Trevor\AppData\Local\Yarn\bin;C:\Users\Trevor\AppData\Local\Programs\Microsoft VS Code\bin;C:\Users\Trevor\AppData\Local\Programs\MiKTeX\miktex\bin\x64\;C:\Users\Trevor\.dotnet\tools;C:\Users\Trevor\go\bin;C:\Users\Trevor\AppData\Local\Google\Cloud SDK\google-cloud-sdk\bin;."/>
    <property name="java.vm.info" value="mixed mode, sharing"/>
    <property name="java.vendor" value="Oracle Corporation"/>
    <property name="java.vm.version" value="17.0.12+8-LTS-286"/>
    <property name="sun.io.unicode.encoding" value="UnicodeLittle"/>
    <property name="java.class.version" value="61.0"/>
  </properties>
  <testcase name="sqrtTest" classname="HW1.MathFunctionTest" time="0"/>
  <testcase name="multiplyTest" classname="HW1.MathFunctionTest" time="0"/>
</testsuite>